<?xml version="1.0" encoding="UTF-8"?>
<!-- Generated by org.testng.reporters.JUnitReportReporter -->
<testsuite ignored="0" hostname="LAPTOP-CJ5FL6B9" failures="0" tests="1" name="com.learnautomation.testcases.LoginTestCRM" time="7.100" errors="0" timestamp="23 Mar 2021 17:49:38 GMT" skipped="0">
  <testcase classname="com.learnautomation.testcases.LoginTestCRM" name="loginApp" time="7.100"/>
</testsuite> <!-- com.learnautomation.testcases.LoginTestCRM -->
