<?xml version="1.0" encoding="UTF-8"?>
<!-- Generated by org.testng.reporters.JUnitReportReporter -->
<testsuite ignored="0" hostname="LAPTOP-CJ5FL6B9" failures="0" tests="1" name="ReportDemo.ExtentReportDemo" time="0.779" errors="0" timestamp="25 Mar 2021 11:49:38 GMT" skipped="0">
  <testcase classname="ReportDemo.ExtentReportDemo" name="loginTest" time="0.779"/>
</testsuite> <!-- ReportDemo.ExtentReportDemo -->
